<?xml version="1.0" encoding="UTF-8"?>
<testsuite xmlns:xsi="http://www.w3.org/2001/XMLSchema-instance" xsi:noNamespaceSchemaLocation="https://maven.apache.org/surefire/maven-surefire-plugin/xsd/surefire-test-report-3.0.xsd" version="3.0" name="com.flightapp.flight.FlightControllerTest" time="1.165" tests="9" errors="0" skipped="0" failures="0">
  <properties>
[...]
</properties>
  <testcase name="testRestoreSeats_Failed" classname="com.flightapp.flight.FlightControllerTest" time="0.045">
    <system-out><![CDATA[2025-12-08T16:40:01.044+05:30  INFO 11420 --- [flight-service] [           main] t.c.s.AnnotationConfigContextLoaderUtils : Could not detect default configuration classes for test class [com.flightapp.flight.FlightControllerTest]: FlightControllerTest does not declare any static, non-private, non-final, nested classes annotated with @Configuration.
2025-12-08T16:40:01.093+05:30  INFO 11420 --- [flight-service] [           main] .b.t.c.SpringBootTestContextBootstrapper : Found @SpringBootConfiguration com.flightapp.flight.FlightServiceApplication for test class com.flightapp.flight.FlightControllerTest

  .   ____          _            __ _ _
 /\\ / ___'_ __ _ _(_)_ __  __ _ \ \ \ \
( ( )\___ | '_ | '_| | '_ \/ _` | \ \ \ \
 \\/  ___)| |_)| | | | | || (_| |  ) ) ) )
  '  |____| .__|_| |_|_| |_\__, | / / / /
 =========|_|==============|___/=/_/_/_/
 :: Spring Boot ::                (v3.2.0)

2025-12-08T16:40:01.204+05:30  INFO 11420 --- [flight-service] [           main] c.flightapp.flight.FlightControllerTest  : Starting FlightControllerTest using Java 21.0.8 with PID 11420 (started by KIIT in C:\Users\KIIT\Downloads\chubb_workspace\flightapp-docker\flight-service)
2025-12-08T16:40:01.205+05:30 DEBUG 11420 --- [flight-service] [           main] c.flightapp.flight.FlightControllerTest  : Running with Spring Boot v3.2.0, Spring v6.1.1
2025-12-08T16:40:01.205+05:30  INFO 11420 --- [flight-service] [           main] c.flightapp.flight.FlightControllerTest  : No active profile set, falling back to 1 default profile: "default"
2025-12-08T16:40:01.769+05:30  INFO 11420 --- [flight-service] [           main] c.flightapp.flight.FlightControllerTest  : Started FlightControllerTest in 0.669 seconds (process running for 8.995)
]]></system-out>
  </testcase>
  <testcase name="testReduceSeats_Success" classname="com.flightapp.flight.FlightControllerTest" time="0.011"/>
  <testcase name="testAddInventory_Success" classname="com.flightapp.flight.FlightControllerTest" time="0.23"/>
  <testcase name="testSearchFlights_EmptyResult" classname="com.flightapp.flight.FlightControllerTest" time="0.068"/>
  <testcase name="testRestoreSeats_Success" classname="com.flightapp.flight.FlightControllerTest" time="0.007"/>
  <testcase name="testGetFlightById_NotFound" classname="com.flightapp.flight.FlightControllerTest" time="0.008"/>
  <testcase name="testReduceSeats_Failed" classname="com.flightapp.flight.FlightControllerTest" time="0.01"/>
  <testcase name="testGetFlightById_Success" classname="com.flightapp.flight.FlightControllerTest" time="0.011"/>
  <testcase name="testSearchFlights_Success" classname="com.flightapp.flight.FlightControllerTest" time="0.022"/>
</testsuite>